<?xml version="1.0" encoding="UTF-8"?>
<coverage generated="1595481395846" clover="3.2.0">
  <project timestamp="1595481395847" name="All files">
    <metrics statements="12" coveredstatements="11" conditionals="3" coveredconditionals="2" methods="3" coveredmethods="3" elements="18" coveredelements="16" complexity="0" loc="12" ncloc="12" packages="1" files="1" classes="1"/>
    <file name="CreateUserService.ts" path="C:\Users\Allan NEto\Desktop\projects\vagas\cotabox-test\backend\src\services\CreateUserService.ts">
      <metrics statements="12" coveredstatements="11" conditionals="3" coveredconditionals="2" methods="3" coveredmethods="3"/>
      <line num="4" count="1" type="stmt"/>
      <line num="12" count="1" type="stmt"/>
      <line num="13" count="1" type="stmt"/>
      <line num="15" count="1" type="stmt"/>
      <line num="16" count="1" type="stmt"/>
      <line num="17" count="1" type="stmt"/>
      <line num="18" count="1" type="stmt"/>
      <line num="20" count="1" type="cond" truecount="1" falsecount="0"/>
      <line num="26" count="1" type="cond" truecount="1" falsecount="1"/>
      <line num="27" count="0" type="stmt"/>
      <line num="30" count="1" type="stmt"/>
      <line num="32" count="1" type="stmt"/>
    </file>
  </project>
</coverage>
